debug: Wed, 13 Sep 2023 07:59:51 GMT
debug: Project: /Users/fouryu/Documents/GitHub/yuzhilin-public/20-metaverse
debug: Targets: editor,preview
debug: Incremental file seems great.
debug: Engine path: /Applications/Cocos/Creator/3.8.0/CocosCreator.app/Contents/Resources/resources/3d/engine
debug: Initializing target [Editor]
debug: Loading cache
debug: Loading cache costs 4.172945000231266ms.
debug: Engine features shipped in editor: base,gfx-webgl,gfx-webgl2,gfx-empty,3d,animation,skeletal-animation,2d,ui,particle,particle-2d,physics-framework,physics-2d-framework,intersection-2d,primitive,profiler,occlusion-query,geometry-renderer,debug-renderer,audio,video,xr,light-probe,terrain,webview,tween,tiled-map,spine,dragon-bones,marionette,procedural-animation,custom-pipeline,websocket,websocket-server
debug: Our import map(foo:/bar): {
  "imports": {
    "cc": "cce:/internal/x/cc"
  }
}
debug: Initializing target [Preview]
debug: Loading cache
debug: Loading cache costs 3.283314999192953ms.
debug: Our import map(foo:/bar): {
  "imports": {
    "cc": "cce:/internal/x/cc"
  }
}
debug: Sync engine features: 2d,3d,animation,audio,base,dragon-bones,gfx-webgl,gfx-webgl2,intersection-2d,light-probe,marionette,particle,particle-2d,physics-2d-box2d,physics-ammo,primitive,profiler,skeletal-animation,spine,terrain,tiled-map,tween,ui,video,websocket,webview
debug: Reset databases. Enumerated domains: [
  {
    "root": "db://internal/",
    "physical": "/Applications/Cocos/Creator/3.8.0/CocosCreator.app/Contents/Resources/resources/3d/engine/editor/assets"
  },
  {
    "root": "db://assets/",
    "physical": "/Users/fouryu/Documents/GitHub/yuzhilin-public/20-metaverse/assets"
  }
]
debug: Our import map(foo:/bar): {
  "imports": {
    "cc": "cce:/internal/x/cc",
    "db://internal/": "file:///Applications/Cocos/Creator/3.8.0/CocosCreator.app/Contents/Resources/resources/3d/engine/editor/assets/",
    "db://assets/": "file:///Users/fouryu/Documents/GitHub/yuzhilin-public/20-metaverse/assets/"
  }
}
debug: Our import map(foo:/bar): {
  "imports": {
    "cc": "cce:/internal/x/cc",
    "db://internal/": "file:///Applications/Cocos/Creator/3.8.0/CocosCreator.app/Contents/Resources/resources/3d/engine/editor/assets/",
    "db://assets/": "file:///Users/fouryu/Documents/GitHub/yuzhilin-public/20-metaverse/assets/"
  }
}
debug: Pulling asset-db.
debug: Fetch asset-db cost: 15.560396999120712ms.
debug: Build iteration starts.
Number of accumulated asset changes: 9
Feature changed: false
debug: Target(editor) build started.
debug: Detected change: cce:/internal/x/cc. Last mtime: Thu Jan 01 1970 08:00:12 GMT+0800 (中国标准时间), Current mtime: Thu Jan 01 1970 08:00:11 GMT+0800 (中国标准时间)
debug: Inspect cce:/internal/x/cc
debug: Resolve cce:/internal/x/cc-fu/base from cce:/internal/x/cc as external dependency cce:/internal/x/cc-fu/base.
debug: Resolve cce:/internal/x/cc-fu/gfx-webgl from cce:/internal/x/cc as external dependency cce:/internal/x/cc-fu/gfx-webgl.
debug: Resolve cce:/internal/x/cc-fu/gfx-webgl2 from cce:/internal/x/cc as external dependency cce:/internal/x/cc-fu/gfx-webgl2.
debug: Resolve cce:/internal/x/cc-fu/gfx-empty from cce:/internal/x/cc as external dependency cce:/internal/x/cc-fu/gfx-empty.
debug: Resolve cce:/internal/x/cc-fu/3d from cce:/internal/x/cc as external dependency cce:/internal/x/cc-fu/3d.
debug: Resolve cce:/internal/x/cc-fu/animation from cce:/internal/x/cc as external dependency cce:/internal/x/cc-fu/animation.
debug: Resolve cce:/internal/x/cc-fu/skeletal-animation from cce:/internal/x/cc as external dependency cce:/internal/x/cc-fu/skeletal-animation.
debug: Resolve cce:/internal/x/cc-fu/2d from cce:/internal/x/cc as external dependency cce:/internal/x/cc-fu/2d.
debug: Resolve cce:/internal/x/cc-fu/sorting from cce:/internal/x/cc as external dependency cce:/internal/x/cc-fu/sorting.
debug: Resolve cce:/internal/x/cc-fu/ui from cce:/internal/x/cc as external dependency cce:/internal/x/cc-fu/ui.
debug: Resolve cce:/internal/x/cc-fu/particle from cce:/internal/x/cc as external dependency cce:/internal/x/cc-fu/particle.
debug: Resolve cce:/internal/x/cc-fu/particle-2d from cce:/internal/x/cc as external dependency cce:/internal/x/cc-fu/particle-2d.
debug: Resolve cce:/internal/x/cc-fu/physics-framework from cce:/internal/x/cc as external dependency cce:/internal/x/cc-fu/physics-framework.
debug: Resolve cce:/internal/x/cc-fu/physics-2d-framework from cce:/internal/x/cc as external dependency cce:/internal/x/cc-fu/physics-2d-framework.
debug: Resolve cce:/internal/x/cc-fu/intersection-2d from cce:/internal/x/cc as external dependency cce:/internal/x/cc-fu/intersection-2d.
debug: Resolve cce:/internal/x/cc-fu/primitive from cce:/internal/x/cc as external dependency cce:/internal/x/cc-fu/primitive.
debug: Resolve cce:/internal/x/cc-fu/profiler from cce:/internal/x/cc as external dependency cce:/internal/x/cc-fu/profiler.
debug: Resolve cce:/internal/x/cc-fu/geometry-renderer from cce:/internal/x/cc as external dependency cce:/internal/x/cc-fu/geometry-renderer.
debug: Resolve cce:/internal/x/cc-fu/audio from cce:/internal/x/cc as external dependency cce:/internal/x/cc-fu/audio.
debug: Resolve cce:/internal/x/cc-fu/video from cce:/internal/x/cc as external dependency cce:/internal/x/cc-fu/video.
debug: Resolve cce:/internal/x/cc-fu/xr from cce:/internal/x/cc as external dependency cce:/internal/x/cc-fu/xr.
debug: Resolve cce:/internal/x/cc-fu/light-probe from cce:/internal/x/cc as external dependency cce:/internal/x/cc-fu/light-probe.
debug: Resolve cce:/internal/x/cc-fu/terrain from cce:/internal/x/cc as external dependency cce:/internal/x/cc-fu/terrain.
debug: Resolve cce:/internal/x/cc-fu/webview from cce:/internal/x/cc as external dependency cce:/internal/x/cc-fu/webview.
debug: Resolve cce:/internal/x/cc-fu/tween from cce:/internal/x/cc as external dependency cce:/internal/x/cc-fu/tween.
debug: Resolve cce:/internal/x/cc-fu/tiled-map from cce:/internal/x/cc as external dependency cce:/internal/x/cc-fu/tiled-map.
debug: Resolve cce:/internal/x/cc-fu/spine from cce:/internal/x/cc as external dependency cce:/internal/x/cc-fu/spine.
debug: Resolve cce:/internal/x/cc-fu/dragon-bones from cce:/internal/x/cc as external dependency cce:/internal/x/cc-fu/dragon-bones.
debug: Resolve cce:/internal/x/cc-fu/custom-pipeline from cce:/internal/x/cc as external dependency cce:/internal/x/cc-fu/custom-pipeline.
debug: Detected change: cce:/internal/x/prerequisite-imports. Last mtime: Thu Jan 01 1970 08:00:20 GMT+0800 (中国标准时间), Current mtime: Thu Jan 01 1970 08:00:20 GMT+0800 (中国标准时间)
debug: Inspect cce:/internal/x/prerequisite-imports
debug: Resolve file:///Applications/Cocos/Creator/3.8.0/CocosCreator.app/Contents/Resources/resources/3d/engine/editor/assets/tools/debug-view-runtime-control.ts from cce:/internal/x/prerequisite-imports as file:///Applications/Cocos/Creator/3.8.0/CocosCreator.app/Contents/Resources/resources/3d/engine/editor/assets/tools/debug-view-runtime-control.ts.
debug: Resolve cc from file:///Applications/Cocos/Creator/3.8.0/CocosCreator.app/Contents/Resources/resources/3d/engine/editor/assets/tools/debug-view-runtime-control.ts as cce:/internal/x/cc.
debug: Resolve cc from file:///Applications/Cocos/Creator/3.8.0/CocosCreator.app/Contents/Resources/resources/3d/engine/editor/assets/tools/debug-view-runtime-control.ts as cce:/internal/x/cc.
debug: Resolve cc from file:///Applications/Cocos/Creator/3.8.0/CocosCreator.app/Contents/Resources/resources/3d/engine/editor/assets/tools/debug-view-runtime-control.ts as cce:/internal/x/cc.
debug: Resolve file:///Users/fouryu/Documents/GitHub/yuzhilin-public/20-metaverse/assets/easy_controller/CharacterMovement.ts from cce:/internal/x/prerequisite-imports as file:///Users/fouryu/Documents/GitHub/yuzhilin-public/20-metaverse/assets/easy_controller/CharacterMovement.ts.
debug: Resolve cce:/internal/code-quality/cr.mjs from file:///Users/fouryu/Documents/GitHub/yuzhilin-public/20-metaverse/assets/easy_controller/CharacterMovement.ts as cce:/internal/code-quality/cr.mjs.
debug: Detected change: cce:/internal/code-quality/cr.mjs. Last mtime: Fri Sep 01 2023 18:16:06 GMT+0800 (中国标准时间), Current mtime: Wed Sep 13 2023 15:59:39 GMT+0800 (中国标准时间)
debug: Inspect cce:/internal/code-quality/cr.mjs
debug: Resolve cc from file:///Users/fouryu/Documents/GitHub/yuzhilin-public/20-metaverse/assets/easy_controller/CharacterMovement.ts as cce:/internal/x/cc.
debug: Resolve cc from file:///Users/fouryu/Documents/GitHub/yuzhilin-public/20-metaverse/assets/easy_controller/CharacterMovement.ts as cce:/internal/x/cc.
debug: Resolve cc from file:///Users/fouryu/Documents/GitHub/yuzhilin-public/20-metaverse/assets/easy_controller/CharacterMovement.ts as cce:/internal/x/cc.
debug: Resolve ./EasyController from file:///Users/fouryu/Documents/GitHub/yuzhilin-public/20-metaverse/assets/easy_controller/CharacterMovement.ts as file:///Users/fouryu/Documents/GitHub/yuzhilin-public/20-metaverse/assets/easy_controller/EasyController.ts.
debug: Resolve cc from file:///Users/fouryu/Documents/GitHub/yuzhilin-public/20-metaverse/assets/easy_controller/EasyController.ts as cce:/internal/x/cc.
debug: Resolve cc from file:///Users/fouryu/Documents/GitHub/yuzhilin-public/20-metaverse/assets/easy_controller/EasyController.ts as cce:/internal/x/cc.
debug: Resolve cc from file:///Users/fouryu/Documents/GitHub/yuzhilin-public/20-metaverse/assets/easy_controller/EasyController.ts as cce:/internal/x/cc.
debug: Resolve file:///Users/fouryu/Documents/GitHub/yuzhilin-public/20-metaverse/assets/easy_controller/EasyController.ts from cce:/internal/x/prerequisite-imports as file:///Users/fouryu/Documents/GitHub/yuzhilin-public/20-metaverse/assets/easy_controller/EasyController.ts.
debug: Resolve file:///Users/fouryu/Documents/GitHub/yuzhilin-public/20-metaverse/assets/easy_controller/FPSCamera.ts from cce:/internal/x/prerequisite-imports as file:///Users/fouryu/Documents/GitHub/yuzhilin-public/20-metaverse/assets/easy_controller/FPSCamera.ts.
debug: Resolve cc from file:///Users/fouryu/Documents/GitHub/yuzhilin-public/20-metaverse/assets/easy_controller/FPSCamera.ts as cce:/internal/x/cc.
debug: Resolve cc from file:///Users/fouryu/Documents/GitHub/yuzhilin-public/20-metaverse/assets/easy_controller/FPSCamera.ts as cce:/internal/x/cc.
debug: Resolve cc from file:///Users/fouryu/Documents/GitHub/yuzhilin-public/20-metaverse/assets/easy_controller/FPSCamera.ts as cce:/internal/x/cc.
debug: Resolve file:///Users/fouryu/Documents/GitHub/yuzhilin-public/20-metaverse/assets/easy_controller/FreeCamera.ts from cce:/internal/x/prerequisite-imports as file:///Users/fouryu/Documents/GitHub/yuzhilin-public/20-metaverse/assets/easy_controller/FreeCamera.ts.
debug: Resolve cc from file:///Users/fouryu/Documents/GitHub/yuzhilin-public/20-metaverse/assets/easy_controller/FreeCamera.ts as cce:/internal/x/cc.
debug: Resolve cc from file:///Users/fouryu/Documents/GitHub/yuzhilin-public/20-metaverse/assets/easy_controller/FreeCamera.ts as cce:/internal/x/cc.
debug: Resolve cc from file:///Users/fouryu/Documents/GitHub/yuzhilin-public/20-metaverse/assets/easy_controller/FreeCamera.ts as cce:/internal/x/cc.
debug: Resolve file:///Users/fouryu/Documents/GitHub/yuzhilin-public/20-metaverse/assets/easy_controller/ThirdPersonCamera.ts from cce:/internal/x/prerequisite-imports as file:///Users/fouryu/Documents/GitHub/yuzhilin-public/20-metaverse/assets/easy_controller/ThirdPersonCamera.ts.
debug: Resolve cce:/internal/code-quality/cr.mjs from file:///Users/fouryu/Documents/GitHub/yuzhilin-public/20-metaverse/assets/easy_controller/ThirdPersonCamera.ts as cce:/internal/code-quality/cr.mjs.
debug: Resolve cc from file:///Users/fouryu/Documents/GitHub/yuzhilin-public/20-metaverse/assets/easy_controller/ThirdPersonCamera.ts as cce:/internal/x/cc.
debug: Resolve cc from file:///Users/fouryu/Documents/GitHub/yuzhilin-public/20-metaverse/assets/easy_controller/ThirdPersonCamera.ts as cce:/internal/x/cc.
debug: Resolve cc from file:///Users/fouryu/Documents/GitHub/yuzhilin-public/20-metaverse/assets/easy_controller/ThirdPersonCamera.ts as cce:/internal/x/cc.
debug: Resolve ./EasyController from file:///Users/fouryu/Documents/GitHub/yuzhilin-public/20-metaverse/assets/easy_controller/ThirdPersonCamera.ts as file:///Users/fouryu/Documents/GitHub/yuzhilin-public/20-metaverse/assets/easy_controller/EasyController.ts.
debug: Resolve file:///Users/fouryu/Documents/GitHub/yuzhilin-public/20-metaverse/assets/easy_controller/UI_Joystick.ts from cce:/internal/x/prerequisite-imports as file:///Users/fouryu/Documents/GitHub/yuzhilin-public/20-metaverse/assets/easy_controller/UI_Joystick.ts.
debug: Resolve cce:/internal/code-quality/cr.mjs from file:///Users/fouryu/Documents/GitHub/yuzhilin-public/20-metaverse/assets/easy_controller/UI_Joystick.ts as cce:/internal/code-quality/cr.mjs.
debug: Resolve cc from file:///Users/fouryu/Documents/GitHub/yuzhilin-public/20-metaverse/assets/easy_controller/UI_Joystick.ts as cce:/internal/x/cc.
debug: Resolve cc from file:///Users/fouryu/Documents/GitHub/yuzhilin-public/20-metaverse/assets/easy_controller/UI_Joystick.ts as cce:/internal/x/cc.
debug: Resolve cc from file:///Users/fouryu/Documents/GitHub/yuzhilin-public/20-metaverse/assets/easy_controller/UI_Joystick.ts as cce:/internal/x/cc.
debug: Resolve ./EasyController from file:///Users/fouryu/Documents/GitHub/yuzhilin-public/20-metaverse/assets/easy_controller/UI_Joystick.ts as file:///Users/fouryu/Documents/GitHub/yuzhilin-public/20-metaverse/assets/easy_controller/EasyController.ts.
debug: Resolve file:///Users/fouryu/Documents/GitHub/yuzhilin-public/20-metaverse/assets/scripts/Entry.ts from cce:/internal/x/prerequisite-imports as file:///Users/fouryu/Documents/GitHub/yuzhilin-public/20-metaverse/assets/scripts/Entry.ts.
debug: Resolve cce:/internal/code-quality/cr.mjs from file:///Users/fouryu/Documents/GitHub/yuzhilin-public/20-metaverse/assets/scripts/Entry.ts as cce:/internal/code-quality/cr.mjs.
debug: Resolve cc from file:///Users/fouryu/Documents/GitHub/yuzhilin-public/20-metaverse/assets/scripts/Entry.ts as cce:/internal/x/cc.
debug: Resolve cc from file:///Users/fouryu/Documents/GitHub/yuzhilin-public/20-metaverse/assets/scripts/Entry.ts as cce:/internal/x/cc.
debug: Resolve cc from file:///Users/fouryu/Documents/GitHub/yuzhilin-public/20-metaverse/assets/scripts/Entry.ts as cce:/internal/x/cc.
debug: Resolve ../easy_controller/UI_Joystick from file:///Users/fouryu/Documents/GitHub/yuzhilin-public/20-metaverse/assets/scripts/Entry.ts as file:///Users/fouryu/Documents/GitHub/yuzhilin-public/20-metaverse/assets/easy_controller/UI_Joystick.ts.
debug: Resolve file:///Users/fouryu/Documents/GitHub/yuzhilin-public/20-metaverse/assets/scripts/FullScreenCtrl.ts from cce:/internal/x/prerequisite-imports as file:///Users/fouryu/Documents/GitHub/yuzhilin-public/20-metaverse/assets/scripts/FullScreenCtrl.ts.
debug: Resolve cc from file:///Users/fouryu/Documents/GitHub/yuzhilin-public/20-metaverse/assets/scripts/FullScreenCtrl.ts as cce:/internal/x/cc.
debug: Resolve cc from file:///Users/fouryu/Documents/GitHub/yuzhilin-public/20-metaverse/assets/scripts/FullScreenCtrl.ts as cce:/internal/x/cc.
debug: Resolve cc from file:///Users/fouryu/Documents/GitHub/yuzhilin-public/20-metaverse/assets/scripts/FullScreenCtrl.ts as cce:/internal/x/cc.
debug: Target(editor) ends with cost 136.1764330007136ms.
debug: Target(preview) build started.
debug: Detected change: cce:/internal/x/cc. Last mtime: Thu Jan 01 1970 08:00:19 GMT+0800 (中国标准时间), Current mtime: Thu Jan 01 1970 08:00:20 GMT+0800 (中国标准时间)
debug: Inspect cce:/internal/x/cc
debug: Resolve cce:/internal/x/cc-fu/2d from cce:/internal/x/cc as external dependency cce:/internal/x/cc-fu/2d.
debug: Resolve cce:/internal/x/cc-fu/sorting from cce:/internal/x/cc as external dependency cce:/internal/x/cc-fu/sorting.
debug: Resolve cce:/internal/x/cc-fu/3d from cce:/internal/x/cc as external dependency cce:/internal/x/cc-fu/3d.
debug: Resolve cce:/internal/x/cc-fu/animation from cce:/internal/x/cc as external dependency cce:/internal/x/cc-fu/animation.
debug: Resolve cce:/internal/x/cc-fu/audio from cce:/internal/x/cc as external dependency cce:/internal/x/cc-fu/audio.
debug: Resolve cce:/internal/x/cc-fu/base from cce:/internal/x/cc as external dependency cce:/internal/x/cc-fu/base.
debug: Resolve cce:/internal/x/cc-fu/dragon-bones from cce:/internal/x/cc as external dependency cce:/internal/x/cc-fu/dragon-bones.
debug: Resolve cce:/internal/x/cc-fu/gfx-webgl from cce:/internal/x/cc as external dependency cce:/internal/x/cc-fu/gfx-webgl.
debug: Resolve cce:/internal/x/cc-fu/gfx-webgl2 from cce:/internal/x/cc as external dependency cce:/internal/x/cc-fu/gfx-webgl2.
debug: Resolve cce:/internal/x/cc-fu/intersection-2d from cce:/internal/x/cc as external dependency cce:/internal/x/cc-fu/intersection-2d.
debug: Resolve cce:/internal/x/cc-fu/light-probe from cce:/internal/x/cc as external dependency cce:/internal/x/cc-fu/light-probe.
debug: Resolve cce:/internal/x/cc-fu/particle from cce:/internal/x/cc as external dependency cce:/internal/x/cc-fu/particle.
debug: Resolve cce:/internal/x/cc-fu/particle-2d from cce:/internal/x/cc as external dependency cce:/internal/x/cc-fu/particle-2d.
debug: Resolve cce:/internal/x/cc-fu/physics-2d-box2d from cce:/internal/x/cc as external dependency cce:/internal/x/cc-fu/physics-2d-box2d.
debug: Resolve cce:/internal/x/cc-fu/physics-2d-framework from cce:/internal/x/cc as external dependency cce:/internal/x/cc-fu/physics-2d-framework.
debug: Resolve cce:/internal/x/cc-fu/physics-ammo from cce:/internal/x/cc as external dependency cce:/internal/x/cc-fu/physics-ammo.
debug: Resolve cce:/internal/x/cc-fu/physics-framework from cce:/internal/x/cc as external dependency cce:/internal/x/cc-fu/physics-framework.
debug: Resolve cce:/internal/x/cc-fu/wait-for-ammo-instantiation from cce:/internal/x/cc as external dependency cce:/internal/x/cc-fu/wait-for-ammo-instantiation.
debug: Resolve cce:/internal/x/cc-fu/primitive from cce:/internal/x/cc as external dependency cce:/internal/x/cc-fu/primitive.
debug: Resolve cce:/internal/x/cc-fu/profiler from cce:/internal/x/cc as external dependency cce:/internal/x/cc-fu/profiler.
debug: Resolve cce:/internal/x/cc-fu/skeletal-animation from cce:/internal/x/cc as external dependency cce:/internal/x/cc-fu/skeletal-animation.
debug: Resolve cce:/internal/x/cc-fu/spine from cce:/internal/x/cc as external dependency cce:/internal/x/cc-fu/spine.
debug: Resolve cce:/internal/x/cc-fu/terrain from cce:/internal/x/cc as external dependency cce:/internal/x/cc-fu/terrain.
debug: Resolve cce:/internal/x/cc-fu/tiled-map from cce:/internal/x/cc as external dependency cce:/internal/x/cc-fu/tiled-map.
debug: Resolve cce:/internal/x/cc-fu/tween from cce:/internal/x/cc as external dependency cce:/internal/x/cc-fu/tween.
debug: Resolve cce:/internal/x/cc-fu/ui from cce:/internal/x/cc as external dependency cce:/internal/x/cc-fu/ui.
debug: Resolve cce:/internal/x/cc-fu/video from cce:/internal/x/cc as external dependency cce:/internal/x/cc-fu/video.
debug: Resolve cce:/internal/x/cc-fu/webview from cce:/internal/x/cc as external dependency cce:/internal/x/cc-fu/webview.
debug: Detected change: cce:/internal/x/prerequisite-imports. Last mtime: Thu Jan 01 1970 08:00:20 GMT+0800 (中国标准时间), Current mtime: Thu Jan 01 1970 08:00:21 GMT+0800 (中国标准时间)
debug: Inspect cce:/internal/x/prerequisite-imports
debug: Resolve file:///Applications/Cocos/Creator/3.8.0/CocosCreator.app/Contents/Resources/resources/3d/engine/editor/assets/tools/debug-view-runtime-control.ts from cce:/internal/x/prerequisite-imports as file:///Applications/Cocos/Creator/3.8.0/CocosCreator.app/Contents/Resources/resources/3d/engine/editor/assets/tools/debug-view-runtime-control.ts.
debug: Resolve cc from file:///Applications/Cocos/Creator/3.8.0/CocosCreator.app/Contents/Resources/resources/3d/engine/editor/assets/tools/debug-view-runtime-control.ts as cce:/internal/x/cc.
debug: Resolve cc from file:///Applications/Cocos/Creator/3.8.0/CocosCreator.app/Contents/Resources/resources/3d/engine/editor/assets/tools/debug-view-runtime-control.ts as cce:/internal/x/cc.
debug: Resolve cc from file:///Applications/Cocos/Creator/3.8.0/CocosCreator.app/Contents/Resources/resources/3d/engine/editor/assets/tools/debug-view-runtime-control.ts as cce:/internal/x/cc.
debug: Resolve file:///Users/fouryu/Documents/GitHub/yuzhilin-public/20-metaverse/assets/easy_controller/CharacterMovement.ts from cce:/internal/x/prerequisite-imports as file:///Users/fouryu/Documents/GitHub/yuzhilin-public/20-metaverse/assets/easy_controller/CharacterMovement.ts.
debug: Resolve cce:/internal/code-quality/cr.mjs from file:///Users/fouryu/Documents/GitHub/yuzhilin-public/20-metaverse/assets/easy_controller/CharacterMovement.ts as cce:/internal/code-quality/cr.mjs.
debug: Detected change: cce:/internal/code-quality/cr.mjs. Last mtime: Fri Sep 01 2023 18:16:06 GMT+0800 (中国标准时间), Current mtime: Wed Sep 13 2023 15:59:39 GMT+0800 (中国标准时间)
debug: Inspect cce:/internal/code-quality/cr.mjs
debug: Resolve cc from file:///Users/fouryu/Documents/GitHub/yuzhilin-public/20-metaverse/assets/easy_controller/CharacterMovement.ts as cce:/internal/x/cc.
debug: Resolve cc from file:///Users/fouryu/Documents/GitHub/yuzhilin-public/20-metaverse/assets/easy_controller/CharacterMovement.ts as cce:/internal/x/cc.
debug: Resolve cc from file:///Users/fouryu/Documents/GitHub/yuzhilin-public/20-metaverse/assets/easy_controller/CharacterMovement.ts as cce:/internal/x/cc.
debug: Resolve ./EasyController from file:///Users/fouryu/Documents/GitHub/yuzhilin-public/20-metaverse/assets/easy_controller/CharacterMovement.ts as file:///Users/fouryu/Documents/GitHub/yuzhilin-public/20-metaverse/assets/easy_controller/EasyController.ts.
debug: Resolve cc from file:///Users/fouryu/Documents/GitHub/yuzhilin-public/20-metaverse/assets/easy_controller/EasyController.ts as cce:/internal/x/cc.
debug: Resolve cc from file:///Users/fouryu/Documents/GitHub/yuzhilin-public/20-metaverse/assets/easy_controller/EasyController.ts as cce:/internal/x/cc.
debug: Resolve cc from file:///Users/fouryu/Documents/GitHub/yuzhilin-public/20-metaverse/assets/easy_controller/EasyController.ts as cce:/internal/x/cc.
debug: Resolve file:///Users/fouryu/Documents/GitHub/yuzhilin-public/20-metaverse/assets/easy_controller/EasyController.ts from cce:/internal/x/prerequisite-imports as file:///Users/fouryu/Documents/GitHub/yuzhilin-public/20-metaverse/assets/easy_controller/EasyController.ts.
debug: Resolve file:///Users/fouryu/Documents/GitHub/yuzhilin-public/20-metaverse/assets/easy_controller/FPSCamera.ts from cce:/internal/x/prerequisite-imports as file:///Users/fouryu/Documents/GitHub/yuzhilin-public/20-metaverse/assets/easy_controller/FPSCamera.ts.
debug: Resolve cc from file:///Users/fouryu/Documents/GitHub/yuzhilin-public/20-metaverse/assets/easy_controller/FPSCamera.ts as cce:/internal/x/cc.
debug: Resolve cc from file:///Users/fouryu/Documents/GitHub/yuzhilin-public/20-metaverse/assets/easy_controller/FPSCamera.ts as cce:/internal/x/cc.
debug: Resolve cc from file:///Users/fouryu/Documents/GitHub/yuzhilin-public/20-metaverse/assets/easy_controller/FPSCamera.ts as cce:/internal/x/cc.
debug: Resolve file:///Users/fouryu/Documents/GitHub/yuzhilin-public/20-metaverse/assets/easy_controller/FreeCamera.ts from cce:/internal/x/prerequisite-imports as file:///Users/fouryu/Documents/GitHub/yuzhilin-public/20-metaverse/assets/easy_controller/FreeCamera.ts.
debug: Resolve cc from file:///Users/fouryu/Documents/GitHub/yuzhilin-public/20-metaverse/assets/easy_controller/FreeCamera.ts as cce:/internal/x/cc.
debug: Resolve cc from file:///Users/fouryu/Documents/GitHub/yuzhilin-public/20-metaverse/assets/easy_controller/FreeCamera.ts as cce:/internal/x/cc.
debug: Resolve cc from file:///Users/fouryu/Documents/GitHub/yuzhilin-public/20-metaverse/assets/easy_controller/FreeCamera.ts as cce:/internal/x/cc.
debug: Resolve file:///Users/fouryu/Documents/GitHub/yuzhilin-public/20-metaverse/assets/easy_controller/ThirdPersonCamera.ts from cce:/internal/x/prerequisite-imports as file:///Users/fouryu/Documents/GitHub/yuzhilin-public/20-metaverse/assets/easy_controller/ThirdPersonCamera.ts.
debug: Resolve cce:/internal/code-quality/cr.mjs from file:///Users/fouryu/Documents/GitHub/yuzhilin-public/20-metaverse/assets/easy_controller/ThirdPersonCamera.ts as cce:/internal/code-quality/cr.mjs.
debug: Resolve cc from file:///Users/fouryu/Documents/GitHub/yuzhilin-public/20-metaverse/assets/easy_controller/ThirdPersonCamera.ts as cce:/internal/x/cc.
debug: Resolve cc from file:///Users/fouryu/Documents/GitHub/yuzhilin-public/20-metaverse/assets/easy_controller/ThirdPersonCamera.ts as cce:/internal/x/cc.
debug: Resolve cc from file:///Users/fouryu/Documents/GitHub/yuzhilin-public/20-metaverse/assets/easy_controller/ThirdPersonCamera.ts as cce:/internal/x/cc.
debug: Resolve ./EasyController from file:///Users/fouryu/Documents/GitHub/yuzhilin-public/20-metaverse/assets/easy_controller/ThirdPersonCamera.ts as file:///Users/fouryu/Documents/GitHub/yuzhilin-public/20-metaverse/assets/easy_controller/EasyController.ts.
debug: Resolve file:///Users/fouryu/Documents/GitHub/yuzhilin-public/20-metaverse/assets/easy_controller/UI_Joystick.ts from cce:/internal/x/prerequisite-imports as file:///Users/fouryu/Documents/GitHub/yuzhilin-public/20-metaverse/assets/easy_controller/UI_Joystick.ts.
debug: Resolve cce:/internal/code-quality/cr.mjs from file:///Users/fouryu/Documents/GitHub/yuzhilin-public/20-metaverse/assets/easy_controller/UI_Joystick.ts as cce:/internal/code-quality/cr.mjs.
debug: Resolve cc from file:///Users/fouryu/Documents/GitHub/yuzhilin-public/20-metaverse/assets/easy_controller/UI_Joystick.ts as cce:/internal/x/cc.
debug: Resolve cc from file:///Users/fouryu/Documents/GitHub/yuzhilin-public/20-metaverse/assets/easy_controller/UI_Joystick.ts as cce:/internal/x/cc.
debug: Resolve cc from file:///Users/fouryu/Documents/GitHub/yuzhilin-public/20-metaverse/assets/easy_controller/UI_Joystick.ts as cce:/internal/x/cc.
debug: Resolve ./EasyController from file:///Users/fouryu/Documents/GitHub/yuzhilin-public/20-metaverse/assets/easy_controller/UI_Joystick.ts as file:///Users/fouryu/Documents/GitHub/yuzhilin-public/20-metaverse/assets/easy_controller/EasyController.ts.
debug: Resolve file:///Users/fouryu/Documents/GitHub/yuzhilin-public/20-metaverse/assets/scripts/Entry.ts from cce:/internal/x/prerequisite-imports as file:///Users/fouryu/Documents/GitHub/yuzhilin-public/20-metaverse/assets/scripts/Entry.ts.
debug: Resolve cce:/internal/code-quality/cr.mjs from file:///Users/fouryu/Documents/GitHub/yuzhilin-public/20-metaverse/assets/scripts/Entry.ts as cce:/internal/code-quality/cr.mjs.
debug: Resolve cc from file:///Users/fouryu/Documents/GitHub/yuzhilin-public/20-metaverse/assets/scripts/Entry.ts as cce:/internal/x/cc.
debug: Resolve cc from file:///Users/fouryu/Documents/GitHub/yuzhilin-public/20-metaverse/assets/scripts/Entry.ts as cce:/internal/x/cc.
debug: Resolve cc from file:///Users/fouryu/Documents/GitHub/yuzhilin-public/20-metaverse/assets/scripts/Entry.ts as cce:/internal/x/cc.
debug: Resolve ../easy_controller/UI_Joystick from file:///Users/fouryu/Documents/GitHub/yuzhilin-public/20-metaverse/assets/scripts/Entry.ts as file:///Users/fouryu/Documents/GitHub/yuzhilin-public/20-metaverse/assets/easy_controller/UI_Joystick.ts.
debug: Resolve file:///Users/fouryu/Documents/GitHub/yuzhilin-public/20-metaverse/assets/scripts/FullScreenCtrl.ts from cce:/internal/x/prerequisite-imports as file:///Users/fouryu/Documents/GitHub/yuzhilin-public/20-metaverse/assets/scripts/FullScreenCtrl.ts.
debug: Resolve cc from file:///Users/fouryu/Documents/GitHub/yuzhilin-public/20-metaverse/assets/scripts/FullScreenCtrl.ts as cce:/internal/x/cc.
debug: Resolve cc from file:///Users/fouryu/Documents/GitHub/yuzhilin-public/20-metaverse/assets/scripts/FullScreenCtrl.ts as cce:/internal/x/cc.
debug: Resolve cc from file:///Users/fouryu/Documents/GitHub/yuzhilin-public/20-metaverse/assets/scripts/FullScreenCtrl.ts as cce:/internal/x/cc.
debug: Target(preview) ends with cost 116.44022399932146ms.
debug: Pulling asset-db.
debug: Fetch asset-db cost: 798.3757780008018ms.
debug: Build iteration starts.
Number of accumulated asset changes: 9
Feature changed: false
debug: Target(editor) build started.
debug: Detected change: cce:/internal/x/prerequisite-imports. Last mtime: Thu Jan 01 1970 08:00:20 GMT+0800 (中国标准时间), Current mtime: Thu Jan 01 1970 08:00:22 GMT+0800 (中国标准时间)
debug: Inspect cce:/internal/x/prerequisite-imports
debug: Resolve file:///Applications/Cocos/Creator/3.8.0/CocosCreator.app/Contents/Resources/resources/3d/engine/editor/assets/tools/debug-view-runtime-control.ts from cce:/internal/x/prerequisite-imports as file:///Applications/Cocos/Creator/3.8.0/CocosCreator.app/Contents/Resources/resources/3d/engine/editor/assets/tools/debug-view-runtime-control.ts.
debug: Resolve file:///Users/fouryu/Documents/GitHub/yuzhilin-public/20-metaverse/assets/easy_controller/CharacterMovement.ts from cce:/internal/x/prerequisite-imports as file:///Users/fouryu/Documents/GitHub/yuzhilin-public/20-metaverse/assets/easy_controller/CharacterMovement.ts.
debug: Resolve file:///Users/fouryu/Documents/GitHub/yuzhilin-public/20-metaverse/assets/easy_controller/EasyController.ts from cce:/internal/x/prerequisite-imports as file:///Users/fouryu/Documents/GitHub/yuzhilin-public/20-metaverse/assets/easy_controller/EasyController.ts.
debug: Resolve file:///Users/fouryu/Documents/GitHub/yuzhilin-public/20-metaverse/assets/easy_controller/FPSCamera.ts from cce:/internal/x/prerequisite-imports as file:///Users/fouryu/Documents/GitHub/yuzhilin-public/20-metaverse/assets/easy_controller/FPSCamera.ts.
debug: Resolve file:///Users/fouryu/Documents/GitHub/yuzhilin-public/20-metaverse/assets/easy_controller/FreeCamera.ts from cce:/internal/x/prerequisite-imports as file:///Users/fouryu/Documents/GitHub/yuzhilin-public/20-metaverse/assets/easy_controller/FreeCamera.ts.
debug: Resolve file:///Users/fouryu/Documents/GitHub/yuzhilin-public/20-metaverse/assets/easy_controller/ThirdPersonCamera.ts from cce:/internal/x/prerequisite-imports as file:///Users/fouryu/Documents/GitHub/yuzhilin-public/20-metaverse/assets/easy_controller/ThirdPersonCamera.ts.
debug: Resolve file:///Users/fouryu/Documents/GitHub/yuzhilin-public/20-metaverse/assets/easy_controller/UI_Joystick.ts from cce:/internal/x/prerequisite-imports as file:///Users/fouryu/Documents/GitHub/yuzhilin-public/20-metaverse/assets/easy_controller/UI_Joystick.ts.
debug: Resolve file:///Users/fouryu/Documents/GitHub/yuzhilin-public/20-metaverse/assets/scripts/Entry.ts from cce:/internal/x/prerequisite-imports as file:///Users/fouryu/Documents/GitHub/yuzhilin-public/20-metaverse/assets/scripts/Entry.ts.
debug: Resolve file:///Users/fouryu/Documents/GitHub/yuzhilin-public/20-metaverse/assets/scripts/FullScreenCtrl.ts from cce:/internal/x/prerequisite-imports as file:///Users/fouryu/Documents/GitHub/yuzhilin-public/20-metaverse/assets/scripts/FullScreenCtrl.ts.
debug: Target(editor) ends with cost 50.009470999240875ms.
debug: Target(preview) build started.
debug: Detected change: cce:/internal/x/prerequisite-imports. Last mtime: Thu Jan 01 1970 08:00:21 GMT+0800 (中国标准时间), Current mtime: Thu Jan 01 1970 08:00:22 GMT+0800 (中国标准时间)
debug: Inspect cce:/internal/x/prerequisite-imports
debug: Resolve file:///Applications/Cocos/Creator/3.8.0/CocosCreator.app/Contents/Resources/resources/3d/engine/editor/assets/tools/debug-view-runtime-control.ts from cce:/internal/x/prerequisite-imports as file:///Applications/Cocos/Creator/3.8.0/CocosCreator.app/Contents/Resources/resources/3d/engine/editor/assets/tools/debug-view-runtime-control.ts.
debug: Resolve file:///Users/fouryu/Documents/GitHub/yuzhilin-public/20-metaverse/assets/easy_controller/CharacterMovement.ts from cce:/internal/x/prerequisite-imports as file:///Users/fouryu/Documents/GitHub/yuzhilin-public/20-metaverse/assets/easy_controller/CharacterMovement.ts.
debug: Resolve file:///Users/fouryu/Documents/GitHub/yuzhilin-public/20-metaverse/assets/easy_controller/EasyController.ts from cce:/internal/x/prerequisite-imports as file:///Users/fouryu/Documents/GitHub/yuzhilin-public/20-metaverse/assets/easy_controller/EasyController.ts.
debug: Resolve file:///Users/fouryu/Documents/GitHub/yuzhilin-public/20-metaverse/assets/easy_controller/FPSCamera.ts from cce:/internal/x/prerequisite-imports as file:///Users/fouryu/Documents/GitHub/yuzhilin-public/20-metaverse/assets/easy_controller/FPSCamera.ts.
debug: Resolve file:///Users/fouryu/Documents/GitHub/yuzhilin-public/20-metaverse/assets/easy_controller/FreeCamera.ts from cce:/internal/x/prerequisite-imports as file:///Users/fouryu/Documents/GitHub/yuzhilin-public/20-metaverse/assets/easy_controller/FreeCamera.ts.
debug: Resolve file:///Users/fouryu/Documents/GitHub/yuzhilin-public/20-metaverse/assets/easy_controller/ThirdPersonCamera.ts from cce:/internal/x/prerequisite-imports as file:///Users/fouryu/Documents/GitHub/yuzhilin-public/20-metaverse/assets/easy_controller/ThirdPersonCamera.ts.
debug: Resolve file:///Users/fouryu/Documents/GitHub/yuzhilin-public/20-metaverse/assets/easy_controller/UI_Joystick.ts from cce:/internal/x/prerequisite-imports as file:///Users/fouryu/Documents/GitHub/yuzhilin-public/20-metaverse/assets/easy_controller/UI_Joystick.ts.
debug: Resolve file:///Users/fouryu/Documents/GitHub/yuzhilin-public/20-metaverse/assets/scripts/Entry.ts from cce:/internal/x/prerequisite-imports as file:///Users/fouryu/Documents/GitHub/yuzhilin-public/20-metaverse/assets/scripts/Entry.ts.
debug: Resolve file:///Users/fouryu/Documents/GitHub/yuzhilin-public/20-metaverse/assets/scripts/FullScreenCtrl.ts from cce:/internal/x/prerequisite-imports as file:///Users/fouryu/Documents/GitHub/yuzhilin-public/20-metaverse/assets/scripts/FullScreenCtrl.ts.
debug: Target(preview) ends with cost 38.75075900182128ms.
