2023-9-13 15:59:45-log: Cannot access game frame or container.
2023-9-13 15:59:45-debug: asset-db:require-engine-code (1591ms)
2023-9-13 15:59:46-log: Cocos Creator v3.8.0
2023-9-13 15:59:46-debug: [Assets Memory track]: asset-db:worker-init: initEngine start:18.95MB, end 87.95MB, increase: 68.99MB
2023-9-13 15:59:46-debug: [Assets Memory track]: asset-db:worker-init: initPlugin start:87.95MB, end 91.07MB, increase: 3.12MB
2023-9-13 15:59:46-debug: [Assets Memory track]: asset-db-plugin-register: programming start:88.73MB, end 93.76MB, increase: 5.03MB
2023-9-13 15:59:46-debug: asset-db:worker-init: initPlugin (309ms)
2023-9-13 15:59:46-debug: [Assets Memory track]: asset-db:worker-init start:18.95MB, end 91.12MB, increase: 72.17MB
2023-9-13 15:59:46-debug: Run asset db hook programming:beforePreStart success!
2023-9-13 15:59:46-debug: Run asset db hook engine-extends:beforePreStart ...
2023-9-13 15:59:46-debug: Run asset db hook programming:beforePreStart ...
2023-9-13 15:59:46-debug: Run asset db hook engine-extends:beforePreStart success!
2023-9-13 15:59:47-debug: asset-db:worker-init (3062ms)
2023-9-13 15:59:47-debug: asset-db-hook-programming-beforePreStart (762ms)
2023-9-13 15:59:47-debug: asset-db-hook-engine-extends-beforePreStart (763ms)
2023-9-13 15:59:47-debug: Preimport db internal success
2023-9-13 15:59:47-debug: Preimport db assets success
2023-9-13 15:59:47-debug: Run asset db hook programming:afterPreStart ...
2023-9-13 15:59:51-debug: run package(builder) handler(enable) start
2023-9-13 16:00:00-debug: [Assets Memory track]: asset-db-plugin-enable: builder start:110.26MB, end 277.90MB, increase: 167.64MB
2023-9-13 16:00:00-debug: run package(builder) handler(enable) success!
2023-9-13 16:00:00-debug: run package(shortcuts) handler(enable) start
2023-9-13 16:00:00-debug: run package(about) handler(enable) start
2023-9-13 16:00:00-debug: run package(about) handler(enable) success!
2023-9-13 16:00:00-debug: run package(assets) handler(enable) start
2023-9-13 16:00:00-debug: run package(shortcuts) handler(enable) success!
2023-9-13 16:00:00-debug: run package(console) handler(enable) start
2023-9-13 16:00:00-debug: run package(console) handler(enable) success!
2023-9-13 16:00:00-debug: run package(crash-reporter) handler(enable) start
2023-9-13 16:00:00-debug: run package(crash-reporter) handler(enable) success!
2023-9-13 16:00:00-debug: run package(extension) handler(enable) start
2023-9-13 16:00:00-debug: run package(extension) handler(enable) success!
2023-9-13 16:00:00-debug: run package(hierarchy) handler(enable) start
2023-9-13 16:00:00-debug: run package(hierarchy) handler(enable) success!
2023-9-13 16:00:00-debug: run package(inspector) handler(enable) start
2023-9-13 16:00:00-debug: run package(inspector) handler(enable) success!
2023-9-13 16:00:00-debug: run package(light-probe) handler(enable) start
2023-9-13 16:00:00-debug: run package(light-probe) handler(enable) success!
2023-9-13 16:00:00-debug: run package(animation-graph) handler(enable) success!
2023-9-13 16:00:00-debug: run package(lightmap) handler(enable) success!
2023-9-13 16:00:00-debug: run package(node-library) handler(enable) start
2023-9-13 16:00:00-debug: run package(node-library) handler(enable) success!
2023-9-13 16:00:00-debug: run package(animation-graph) handler(enable) start
2023-9-13 16:00:00-debug: run package(package-asset) handler(enable) success!
2023-9-13 16:00:00-debug: run package(process) handler(enable) start
2023-9-13 16:00:00-debug: run package(process) handler(enable) success!
2023-9-13 16:00:00-debug: run package(reference-image) handler(enable) start
2023-9-13 16:00:00-debug: run package(reference-image) handler(enable) success!
2023-9-13 16:00:00-debug: run package(reflection-probe) handler(enable) start
2023-9-13 16:00:00-debug: run package(package-asset) handler(enable) start
2023-9-13 16:00:00-debug: run package(engine-extends) handler(enable) start
2023-9-13 16:00:00-debug: run package(engine-extends) handler(enable) success!
2023-9-13 16:00:00-debug: run package(adsense-h5g-plugin) handler(enable) start
2023-9-13 16:00:00-debug: run package(adsense-h5g-plugin) handler(enable) success!
2023-9-13 16:00:00-debug: run package(alipay-mini-game) handler(enable) start
2023-9-13 16:00:00-debug: run package(lightmap) handler(enable) start
2023-9-13 16:00:00-debug: run package(android) handler(enable) start
2023-9-13 16:00:00-debug: run package(android) handler(enable) success!
2023-9-13 16:00:00-debug: run package(bytedance-mini-game) handler(enable) start
2023-9-13 16:00:00-debug: run package(bytedance-mini-game) handler(enable) success!
2023-9-13 16:00:00-debug: run package(certificate) handler(enable) start
2023-9-13 16:00:00-debug: run package(certificate) handler(enable) success!
2023-9-13 16:00:00-debug: run package(channel-upload-tools) handler(enable) start
2023-9-13 16:00:00-debug: run package(channel-upload-tools) handler(enable) success!
2023-9-13 16:00:00-debug: run package(fb-instant-games) handler(enable) start
2023-9-13 16:00:00-debug: run package(fb-instant-games) handler(enable) success!
2023-9-13 16:00:00-debug: run package(huawei-agc) handler(enable) start
2023-9-13 16:00:00-debug: run package(huawei-agc) handler(enable) success!
2023-9-13 16:00:00-debug: run package(huawei-quick-game) handler(enable) start
2023-9-13 16:00:00-debug: run package(huawei-quick-game) handler(enable) success!
2023-9-13 16:00:00-debug: run package(ios) handler(enable) start
2023-9-13 16:00:00-debug: run package(ios) handler(enable) success!
2023-9-13 16:00:00-debug: run package(linux) handler(enable) start
2023-9-13 16:00:00-debug: run package(linux) handler(enable) success!
2023-9-13 16:00:00-debug: run package(mac) handler(enable) start
2023-9-13 16:00:00-debug: run package(mac) handler(enable) success!
2023-9-13 16:00:00-debug: run package(native) handler(enable) start
2023-9-13 16:00:00-debug: run package(native) handler(enable) success!
2023-9-13 16:00:00-debug: run package(ohos) handler(enable) start
2023-9-13 16:00:00-debug: run package(ohos) handler(enable) success!
2023-9-13 16:00:00-debug: run package(openharmony) handler(enable) start
2023-9-13 16:00:00-debug: run package(openharmony) handler(enable) success!
2023-9-13 16:00:00-debug: run package(oppo-mini-game) handler(enable) start
2023-9-13 16:00:00-debug: run package(oppo-mini-game) handler(enable) success!
2023-9-13 16:00:00-debug: run package(runtime-dev-tools) handler(enable) start
2023-9-13 16:00:00-debug: run package(runtime-dev-tools) handler(enable) success!
2023-9-13 16:00:00-debug: run package(taobao-creative-app) handler(enable) start
2023-9-13 16:00:00-debug: run package(taobao-creative-app) handler(enable) success!
2023-9-13 16:00:00-debug: run package(assets) handler(enable) success!
2023-9-13 16:00:00-debug: run package(taobao-mini-game) handler(enable) success!
2023-9-13 16:00:00-debug: run package(vivo-mini-game) handler(enable) start
2023-9-13 16:00:00-debug: run package(vivo-mini-game) handler(enable) success!
2023-9-13 16:00:00-debug: run package(web-desktop) handler(enable) start
2023-9-13 16:00:00-debug: run package(alipay-mini-game) handler(enable) success!
2023-9-13 16:00:00-debug: run package(web-mobile) handler(enable) start
2023-9-13 16:00:00-debug: run package(web-mobile) handler(enable) success!
2023-9-13 16:00:00-debug: run package(wechatgame) handler(enable) start
2023-9-13 16:00:00-debug: run package(wechatgame) handler(enable) success!
2023-9-13 16:00:00-debug: run package(wechatprogram) handler(enable) start
2023-9-13 16:00:00-debug: run package(web-desktop) handler(enable) success!
2023-9-13 16:00:00-debug: run package(windows) handler(enable) start
2023-9-13 16:00:00-debug: run package(windows) handler(enable) success!
2023-9-13 16:00:00-debug: run package(xiaomi-quick-game) handler(enable) start
2023-9-13 16:00:00-debug: run package(reflection-probe) handler(enable) success!
2023-9-13 16:00:00-debug: run package(cocos-service) handler(enable) start
2023-9-13 16:00:00-debug: run package(cocos-service) handler(enable) success!
2023-9-13 16:00:00-debug: run package(im-plugin) handler(enable) start
2023-9-13 16:00:00-debug: run package(im-plugin) handler(enable) success!
2023-9-13 16:00:00-debug: run package(wechatprogram) handler(enable) success!
2023-9-13 16:00:00-debug: run package(prefab380fix) handler(enable) success!
2023-9-13 16:00:00-debug: run package(placeholder) handler(enable) start
2023-9-13 16:00:00-debug: run package(placeholder) handler(enable) success!
2023-9-13 16:00:00-debug: run package(taobao-mini-game) handler(enable) start
2023-9-13 16:00:00-debug: run package(prefab380fix) handler(enable) start
2023-9-13 16:00:00-debug: run package(xiaomi-quick-game) handler(enable) success!
2023-9-13 16:00:01-debug: Set detail map pack:///resolution-detail-map.json: {}
2023-9-13 16:00:01-debug: [Assets Memory track]: asset-db:worker-init: preStart start:91.13MB, end 279.81MB, increase: 188.68MB
2023-9-13 16:00:01-debug: Start up the 'internal' database...
2023-9-13 16:00:01-debug: Run asset db hook engine-extends:afterPreStart success!
2023-9-13 16:00:01-debug: Run asset db hook programming:afterPreStart success!
2023-9-13 16:00:01-debug: Run asset db hook engine-extends:afterPreStart ...
2023-9-13 16:00:01-debug: asset-db-hook-programming-afterPreStart (13658ms)
2023-9-13 16:00:01-debug: asset-db:worker-effect-data-processing (61ms)
2023-9-13 16:00:01-debug: asset-db-hook-engine-extends-afterPreStart (61ms)
2023-9-13 16:00:01-debug: start asset-db with asset: 466
2023-9-13 16:00:01-debug: [Assets Memory track]: asset-db:worker-startup-database[internal] start:109.38MB, end 282.87MB, increase: 173.49MB
2023-9-13 16:00:01-debug: Start up the 'assets' database...
2023-9-13 16:00:01-debug: asset-db:worker-startup-database[internal] (13853ms)
2023-9-13 16:00:01-debug: start asset-db with asset: 46
2023-9-13 16:00:01-debug: [Assets Memory track]: asset-db:worker-startup-database[assets] start:109.17MB, end 278.49MB, increase: 169.32MB
2023-9-13 16:00:01-debug: asset-db:worker-startup-database[assets] (13746ms)
2023-9-13 16:00:01-debug: asset-db:start-database (14536ms)
2023-9-13 16:00:01-debug: asset-db:ready (20215ms)
2023-9-13 16:00:01-debug: init worker message success
2023-9-13 16:00:01-debug: [Build Memory track]: builder:worker-init start:280.59MB, end 294.47MB, increase: 13.88MB
2023-9-13 16:00:01-debug: programming:execute-script (8ms)
2023-9-13 16:00:01-debug: builder:worker-init (730ms)
2023-9-13 16:00:03-debug: programming:execute-script (6ms)
2023-9-13 16:03:58-debug: refresh db internal success
2023-9-13 16:03:58-debug: refresh db assets success
2023-9-13 16:03:58-debug: Run asset db hook engine-extends:afterRefresh ...
2023-9-13 16:03:58-debug: Run asset db hook engine-extends:afterRefresh success!
2023-9-13 16:03:58-debug: asset-db:refresh-all-database (93ms)
2023-9-13 16:03:58-debug: asset-db:worker-effect-data-processing (2ms)
2023-9-13 16:03:58-debug: asset-db-hook-engine-extends-afterRefresh (2ms)
2023-9-13 16:06:09-debug: Query all assets info in project
2023-9-13 16:06:09-debug: init custom config: keepNodeUuid: false, useCache: true
2023-9-13 16:06:09-debug:   Number of all scenes: 1
2023-9-13 16:06:09-debug:   Number of all scripts: 9
2023-9-13 16:06:09-debug:   Number of other assets: 406
2023-9-13 16:06:09-debug: reload all scripts.
2023-9-13 16:06:09-debug: Incremental keys: 
2023-9-13 16:06:09-debug: Set detail map pack:///resolution-detail-map.json: {}
2023-9-13 16:06:09-debug: /Users/fouryu/Documents/GitHub/yuzhilin-public/20-metaverse/temp/programming/packer-driver/targets/editor/chunks/ce/cee638a986ad8fae09398db255647defcaa6612a.js resolved to /Users/fouryu/Documents/GitHub/yuzhilin-public/20-metaverse/temp/programming/packer-driver/targets/editor/chunks/ce/cee638a986ad8fae09398db255647defcaa6612a.js is not in module cache!
2023-9-13 16:06:09-debug: [[Executor]] Module "cce:/internal/x/cc-fu/gfx-webgl2" loaded.
2023-9-13 16:06:09-debug: [[Executor]] Module "cce:/internal/x/cc-fu/gfx-webgl" loaded.
2023-9-13 16:06:09-debug: [[Executor]] Module "cce:/internal/x/cc-fu/animation" loaded.
2023-9-13 16:06:09-debug: [[Executor]] Module "cce:/internal/x/cc-fu/skeletal-animation" loaded.
2023-9-13 16:06:09-debug: [[Executor]] Module "cce:/internal/x/cc-fu/2d" loaded.
2023-9-13 16:06:09-debug: [[Executor]] Module "cce:/internal/x/cc-fu/sorting" loaded.
2023-9-13 16:06:09-debug: [[Executor]] Module "cce:/internal/x/cc-fu/ui" loaded.
2023-9-13 16:06:09-debug: [[Executor]] Module "cce:/internal/x/cc-fu/particle" loaded.
2023-9-13 16:06:09-debug: [[Executor]] Module "cce:/internal/x/cc-fu/particle-2d" loaded.
2023-9-13 16:06:09-debug: [[Executor]] Module "cce:/internal/x/cc-fu/physics-framework" loaded.
2023-9-13 16:06:09-debug: [[Executor]] Module "cce:/internal/x/cc-fu/physics-2d-framework" loaded.
2023-9-13 16:06:09-debug: [[Executor]] Module "cce:/internal/x/cc-fu/intersection-2d" loaded.
2023-9-13 16:06:09-debug: [[Executor]] Module "cce:/internal/x/cc-fu/primitive" loaded.
2023-9-13 16:06:09-debug: [[Executor]] Module "cce:/internal/x/cc-fu/profiler" loaded.
2023-9-13 16:06:09-debug: [[Executor]] Module "cce:/internal/x/cc-fu/geometry-renderer" loaded.
2023-9-13 16:06:09-debug: [[Executor]] Module "cce:/internal/x/cc-fu/audio" loaded.
2023-9-13 16:06:09-debug: [[Executor]] Module "cce:/internal/x/cc-fu/video" loaded.
2023-9-13 16:06:09-debug: [[Executor]] Module "cce:/internal/x/cc-fu/3d" loaded.
2023-9-13 16:06:09-debug: [[Executor]] Module "cce:/internal/x/cc-fu/xr" loaded.
2023-9-13 16:06:09-debug: [[Executor]] Module "cce:/internal/x/cc-fu/terrain" loaded.
2023-9-13 16:06:09-debug: [[Executor]] Module "cce:/internal/x/cc-fu/webview" loaded.
2023-9-13 16:06:09-debug: [[Executor]] Module "cce:/internal/x/cc-fu/base" loaded.
2023-9-13 16:06:09-debug: [[Executor]] Module "cce:/internal/x/cc-fu/gfx-empty" loaded.
2023-9-13 16:06:09-debug: [[Executor]] Module "cce:/internal/x/cc-fu/spine" loaded.
2023-9-13 16:06:09-debug: [[Executor]] Module "cce:/internal/x/cc-fu/dragon-bones" loaded.
2023-9-13 16:06:09-debug: [[Executor]] Module "cce:/internal/x/cc-fu/custom-pipeline" loaded.
2023-9-13 16:06:09-debug: [[Executor]] Module "cce:/internal/x/cc-fu/base" loaded.
2023-9-13 16:06:09-debug: [[Executor]] Module "cce:/internal/x/cc-fu/gfx-webgl" loaded.
2023-9-13 16:06:09-debug: [[Executor]] Module "cce:/internal/x/cc-fu/gfx-webgl2" loaded.
2023-9-13 16:06:09-debug: [[Executor]] Module "cce:/internal/x/cc-fu/light-probe" loaded.
2023-9-13 16:06:09-debug: [[Executor]] Module "cce:/internal/x/cc-fu/3d" loaded.
2023-9-13 16:06:09-debug: [[Executor]] Module "cce:/internal/x/cc-fu/animation" loaded.
2023-9-13 16:06:09-debug: [[Executor]] Module "cce:/internal/x/cc-fu/skeletal-animation" loaded.
2023-9-13 16:06:09-debug: [[Executor]] Module "cce:/internal/x/cc-fu/2d" loaded.
2023-9-13 16:06:09-debug: [[Executor]] Module "cce:/internal/x/cc-fu/sorting" loaded.
2023-9-13 16:06:09-debug: [[Executor]] Module "cce:/internal/x/cc-fu/ui" loaded.
2023-9-13 16:06:09-debug: [[Executor]] Module "cce:/internal/x/cc-fu/particle" loaded.
2023-9-13 16:06:09-debug: [[Executor]] Module "cce:/internal/x/cc-fu/particle-2d" loaded.
2023-9-13 16:06:09-debug: [[Executor]] Module "cce:/internal/x/cc-fu/physics-framework" loaded.
2023-9-13 16:06:09-debug: [[Executor]] Module "cce:/internal/x/cc-fu/physics-2d-framework" loaded.
2023-9-13 16:06:09-debug: [[Executor]] Module "cce:/internal/x/cc-fu/intersection-2d" loaded.
2023-9-13 16:06:09-debug: [[Executor]] Module "cce:/internal/x/cc-fu/tiled-map" loaded.
2023-9-13 16:06:09-debug: [[Executor]] Module "cce:/internal/x/cc-fu/profiler" loaded.
2023-9-13 16:06:09-debug: [[Executor]] Module "cce:/internal/x/cc-fu/geometry-renderer" loaded.
2023-9-13 16:06:09-debug: [[Executor]] Module "cce:/internal/x/cc-fu/audio" loaded.
2023-9-13 16:06:09-debug: [[Executor]] Module "cce:/internal/x/cc-fu/video" loaded.
2023-9-13 16:06:09-debug: [[Executor]] Module "cce:/internal/x/cc-fu/xr" loaded.
2023-9-13 16:06:09-debug: [[Executor]] Module "cce:/internal/x/cc-fu/gfx-empty" loaded.
2023-9-13 16:06:09-debug: [[Executor]] Module "cce:/internal/x/cc-fu/terrain" loaded.
2023-9-13 16:06:09-debug: [[Executor]] Module "cce:/internal/x/cc-fu/webview" loaded.
2023-9-13 16:06:09-debug: [[Executor]] Module "cce:/internal/x/cc-fu/tween" loaded.
2023-9-13 16:06:09-debug: [[Executor]] Module "cce:/internal/x/cc-fu/primitive" loaded.
2023-9-13 16:06:09-debug: [[Executor]] Module "cce:/internal/x/cc-fu/tween" loaded.
2023-9-13 16:06:09-debug: [[Executor]] Module "cce:/internal/x/cc-fu/dragon-bones" loaded.
2023-9-13 16:06:09-debug: [[Executor]] Module "cce:/internal/x/cc-fu/custom-pipeline" loaded.
2023-9-13 16:06:09-debug: [[Executor]] Module "pack:///chunks/ce/cee638a986ad8fae09398db255647defcaa6612a.js" loaded.
2023-9-13 16:06:09-debug: Invalidating 'pack:///chunks/ce/cee638a986ad8fae09398db255647defcaa6612a.js'
2023-9-13 16:06:09-debug: [[Executor]] Module "pack:///chunks/ce/cee638a986ad8fae09398db255647defcaa6612a.js" loaded.
2023-9-13 16:06:09-debug: [[Executor]] Module "cce:/internal/x/cc-fu/light-probe" loaded.
2023-9-13 16:06:09-debug: [[Executor]] Module "cce:/internal/x/cc-fu/tiled-map" loaded.
2023-9-13 16:06:09-debug: [[Executor]] Module "cce:/internal/x/cc-fu/spine" loaded.
2023-9-13 16:06:09-debug: /Users/fouryu/Documents/GitHub/yuzhilin-public/20-metaverse/temp/programming/packer-driver/targets/editor/chunks/74/7445ff4758084772bd924d4fde9f2179dae8a9aa.js resolved to /Users/fouryu/Documents/GitHub/yuzhilin-public/20-metaverse/temp/programming/packer-driver/targets/editor/chunks/74/7445ff4758084772bd924d4fde9f2179dae8a9aa.js is not in module cache!
2023-9-13 16:06:09-debug: [[Executor]] Module "pack:///chunks/74/7445ff4758084772bd924d4fde9f2179dae8a9aa.js" loaded.
2023-9-13 16:06:09-debug: /Users/fouryu/Documents/GitHub/yuzhilin-public/20-metaverse/temp/programming/packer-driver/targets/editor/chunks/d5/d5608b38b037f8fab3d80ad8b6997514f74129c4.js resolved to /Users/fouryu/Documents/GitHub/yuzhilin-public/20-metaverse/temp/programming/packer-driver/targets/editor/chunks/d5/d5608b38b037f8fab3d80ad8b6997514f74129c4.js is not in module cache!
2023-9-13 16:06:09-debug: [[Executor]] Register DebugViewRuntimeControl
2023-9-13 16:06:09-debug: [[Executor]] Module "pack:///chunks/d5/d5608b38b037f8fab3d80ad8b6997514f74129c4.js" loaded.
2023-9-13 16:06:09-debug: /Users/fouryu/Documents/GitHub/yuzhilin-public/20-metaverse/temp/programming/packer-driver/targets/editor/chunks/9e/9ea7cbff7bbef085673a65fc8d4e8c2083126c2d.js resolved to /Users/fouryu/Documents/GitHub/yuzhilin-public/20-metaverse/temp/programming/packer-driver/targets/editor/chunks/9e/9ea7cbff7bbef085673a65fc8d4e8c2083126c2d.js is not in module cache!
2023-9-13 16:06:09-debug: /Users/fouryu/Documents/GitHub/yuzhilin-public/20-metaverse/temp/programming/packer-driver/targets/editor/chunks/ee/ee6632d18ce62618dc91281a69c150f73525908f.js resolved to /Users/fouryu/Documents/GitHub/yuzhilin-public/20-metaverse/temp/programming/packer-driver/targets/editor/chunks/ee/ee6632d18ce62618dc91281a69c150f73525908f.js is not in module cache!
2023-9-13 16:06:09-debug: /Users/fouryu/Documents/GitHub/yuzhilin-public/20-metaverse/temp/programming/packer-driver/targets/editor/chunks/84/84741ad843cea9a440c5d8c2d379669b6551400d.js resolved to /Users/fouryu/Documents/GitHub/yuzhilin-public/20-metaverse/temp/programming/packer-driver/targets/editor/chunks/84/84741ad843cea9a440c5d8c2d379669b6551400d.js is not in module cache!
2023-9-13 16:06:09-debug: [[Executor]] Module "pack:///chunks/9e/9ea7cbff7bbef085673a65fc8d4e8c2083126c2d.js" loaded.
2023-9-13 16:06:09-debug: [[Executor]] Module "pack:///chunks/ee/ee6632d18ce62618dc91281a69c150f73525908f.js" loaded.
2023-9-13 16:06:09-debug: [[Executor]] Register CharacterMovement
2023-9-13 16:06:09-debug: [[Executor]] Module "pack:///chunks/84/84741ad843cea9a440c5d8c2d379669b6551400d.js" loaded.
2023-9-13 16:06:09-debug: /Users/fouryu/Documents/GitHub/yuzhilin-public/20-metaverse/temp/programming/packer-driver/targets/editor/chunks/09/0996deb27d7bf9def708c35bc853625470b5ab10.js resolved to /Users/fouryu/Documents/GitHub/yuzhilin-public/20-metaverse/temp/programming/packer-driver/targets/editor/chunks/09/0996deb27d7bf9def708c35bc853625470b5ab10.js is not in module cache!
2023-9-13 16:06:09-debug: [[Executor]] Register FPSCamera
2023-9-13 16:06:09-debug: [[Executor]] Module "pack:///chunks/09/0996deb27d7bf9def708c35bc853625470b5ab10.js" loaded.
2023-9-13 16:06:09-debug: /Users/fouryu/Documents/GitHub/yuzhilin-public/20-metaverse/temp/programming/packer-driver/targets/editor/chunks/b5/b5124ff3c69f47f3cf61f952cd9e0198f0e80206.js resolved to /Users/fouryu/Documents/GitHub/yuzhilin-public/20-metaverse/temp/programming/packer-driver/targets/editor/chunks/b5/b5124ff3c69f47f3cf61f952cd9e0198f0e80206.js is not in module cache!
2023-9-13 16:06:09-debug: [[Executor]] Register FreeCamera
2023-9-13 16:06:09-debug: [[Executor]] Module "pack:///chunks/b5/b5124ff3c69f47f3cf61f952cd9e0198f0e80206.js" loaded.
2023-9-13 16:06:09-debug: /Users/fouryu/Documents/GitHub/yuzhilin-public/20-metaverse/temp/programming/packer-driver/targets/editor/chunks/4e/4e9495348266c9c7bb44d20674769f6d887f2377.js resolved to /Users/fouryu/Documents/GitHub/yuzhilin-public/20-metaverse/temp/programming/packer-driver/targets/editor/chunks/4e/4e9495348266c9c7bb44d20674769f6d887f2377.js is not in module cache!
2023-9-13 16:06:09-debug: [[Executor]] Register ThirdPersonCamera
2023-9-13 16:06:09-debug: [[Executor]] Module "pack:///chunks/4e/4e9495348266c9c7bb44d20674769f6d887f2377.js" loaded.
2023-9-13 16:06:09-debug: /Users/fouryu/Documents/GitHub/yuzhilin-public/20-metaverse/temp/programming/packer-driver/targets/editor/chunks/b2/b2758e4de9abd23636f69024eae2c984216c22f4.js resolved to /Users/fouryu/Documents/GitHub/yuzhilin-public/20-metaverse/temp/programming/packer-driver/targets/editor/chunks/b2/b2758e4de9abd23636f69024eae2c984216c22f4.js is not in module cache!
2023-9-13 16:06:09-debug: [[Executor]] Module "pack:///chunks/b2/b2758e4de9abd23636f69024eae2c984216c22f4.js" loaded.
2023-9-13 16:06:09-debug: [[Executor]] Register UI_Joystick
2023-9-13 16:06:09-debug: /Users/fouryu/Documents/GitHub/yuzhilin-public/20-metaverse/temp/programming/packer-driver/targets/editor/chunks/0b/0bc052d0f7dc23418c80ada5ed69bc30253e8bdb.js resolved to /Users/fouryu/Documents/GitHub/yuzhilin-public/20-metaverse/temp/programming/packer-driver/targets/editor/chunks/0b/0bc052d0f7dc23418c80ada5ed69bc30253e8bdb.js is not in module cache!
2023-9-13 16:06:09-debug: [[Executor]] Register RoosterJumpEntry
2023-9-13 16:06:09-debug: [[Executor]] Module "pack:///chunks/0b/0bc052d0f7dc23418c80ada5ed69bc30253e8bdb.js" loaded.
2023-9-13 16:06:09-debug: /Users/fouryu/Documents/GitHub/yuzhilin-public/20-metaverse/temp/programming/packer-driver/targets/editor/chunks/6a/6ac04061e2bd1f9f1fa069312f3baa826036d131.js resolved to /Users/fouryu/Documents/GitHub/yuzhilin-public/20-metaverse/temp/programming/packer-driver/targets/editor/chunks/6a/6ac04061e2bd1f9f1fa069312f3baa826036d131.js is not in module cache!
2023-9-13 16:06:09-debug: 查询 Asset Bundle start0%
2023-9-13 16:06:09-debug: // ---- build task 查询 Asset Bundle ----
2023-9-13 16:06:09-debug: [[Executor]] Module "pack:///chunks/74/7445ff4758084772bd924d4fde9f2179dae8a9aa.js" loaded.
2023-9-13 16:06:09-debug: [[Executor]] Module "pack:///chunks/6a/6ac04061e2bd1f9f1fa069312f3baa826036d131.js" loaded.
2023-9-13 16:06:09-debug: [[Executor]] Register FullScreenCtrl
2023-9-13 16:06:09-debug: Query preload assets from cc.config.json: 60f7195c-ec2a-45eb-ba94-8955f60e81d0,1c02ae6f-4492-4915-b8f8-7492a3b1e4cd,810e96e4-e456-4468-9b59-f4e8f39732c0,efe8e2a3-eace-427b-b4f1-cb8a937ec77d,e9aa9a3e-5b2b-4ac7-a2c7-073de2b2b24f,8bbdbcdd-5cd4-4100-b6d5-b7c9625b6107,50f4348b-c883-4e2f-8f11-ce233b859fa1,fda095cb-831d-4601-ad94-846013963de8,f92806d7-1768-443f-afe8-12bcde84d0f0,dd3a144d-ab7f-41f0-82b8-2e43a090d496,f0416e68-0200-4b77-a926-4f9d16e494da,511d2633-09a7-4bdd-ac42-f778032124b3,5d45aa00-e064-4938-b314-4265f0c2258c,9361fd90-ba52-4f84-aa93-6e878fd576ca,970b0598-bcb0-4714-91fb-2e81440dccd8,bcd64cc6-2dd9-43f6-abbe-66318d332032,d930590d-bb92-4cc8-8bd1-23cd027f9edf,a3cd009f-0ab0-420d-9278-b9fdab939bbc,c27215d8-6835-4b68-bfbb-bdeac6100c04,b5d6115f-0370-4d7c-aad3-c194cc71cf98,d1346436-ac96-4271-b863-1f4fdead95b0,971bdb23-3ff6-43eb-b422-1c30165a3663,17debcc3-0a6b-4b8a-b00b-dc58b885581e,711ebe11-f673-4cd9-9a83-63c60ba54c5b,c0143906-9aed-447e-9436-2ae8512d1b6e,14da1725-c4c2-42b4-ab08-ee0aeb6898b3,081cab31-dccd-428e-8652-f2404cc81c47,78e0584a-4343-4727-8f37-e14e65c2a2db,ba21476f-2866-4f81-9c4d-6e359316e448,871c3b6c-7379-419d-bda3-794b239ab90d,1d08ef62-a503-4ce2-8b9a-46c90873f7d3
2023-9-13 16:06:09-warn: The TextureCube used by node "mateverse" in scene "mateverse" is missing. Detailed information:Node path: "mateverse"Asset url: "db://assets/scenes/mateverse"Missing uuid: "40a72107-31ea-456c-a719-f8a82d6d5119@b47c0"
2023-9-13 16:06:09-debug: // ---- build task 查询 Asset Bundle ---- (81ms)
2023-9-13 16:06:09-debug: run build task 查询 Asset Bundle success in 81 ms √5%
2023-9-13 16:06:09-debug: [Build Memory track]: 查询 Asset Bundle start:246.97MB, end 248.11MB, increase: 1.14MB
2023-9-13 16:06:09-debug: 查询 Asset Bundle start5%
2023-9-13 16:06:09-debug: // ---- build task 查询 Asset Bundle ----
2023-9-13 16:06:09-debug: // ---- build task 查询 Asset Bundle ---- (1ms)
2023-9-13 16:06:09-debug: [Build Memory track]: 查询 Asset Bundle start:248.12MB, end 248.13MB, increase: 11.63KB
2023-9-13 16:06:09-debug: run build task 查询 Asset Bundle success in 1 ms √10%
2023-9-13 16:06:09-debug: // ---- build task 整理部分构建选项内数据到 settings.json ----
2023-9-13 16:06:09-debug: 整理部分构建选项内数据到 settings.json start10%
2023-9-13 16:06:09-debug: // ---- build task 整理部分构建选项内数据到 settings.json ---- (1ms)
2023-9-13 16:06:09-debug: // ---- build task 填充脚本数据到 settings.json ----
2023-9-13 16:06:09-debug: [Build Memory track]: 整理部分构建选项内数据到 settings.json start:248.14MB, end 248.15MB, increase: 15.79KB
2023-9-13 16:06:09-debug: 填充脚本数据到 settings.json start12%
2023-9-13 16:06:09-debug: run build task 整理部分构建选项内数据到 settings.json success in 1 ms √12%
2023-9-13 16:06:09-debug: // ---- build task 填充脚本数据到 settings.json ---- (1ms)
2023-9-13 16:06:09-debug: // ---- build task 整理部分构建选项内数据到 settings.json ----
2023-9-13 16:06:09-debug: [Build Memory track]: 填充脚本数据到 settings.json start:248.16MB, end 248.17MB, increase: 13.41KB
2023-9-13 16:06:09-debug: 整理部分构建选项内数据到 settings.json start13%
2023-9-13 16:06:09-debug: run build task 填充脚本数据到 settings.json success in 1 ms √13%
2023-9-13 16:06:09-debug: // ---- build task 整理部分构建选项内数据到 settings.json ---- (6ms)
2023-9-13 16:06:09-debug: run build task 整理部分构建选项内数据到 settings.json success in 6 ms √15%
2023-9-13 16:06:09-debug: [Build Memory track]: 整理部分构建选项内数据到 settings.json start:248.18MB, end 248.25MB, increase: 67.90KB
2023-9-13 16:12:17-debug: refresh db internal success
2023-9-13 16:12:17-debug: refresh db assets success
2023-9-13 16:12:17-debug: Run asset db hook engine-extends:afterRefresh ...
2023-9-13 16:12:17-debug: Run asset db hook engine-extends:afterRefresh success!
2023-9-13 16:12:17-debug: asset-db:refresh-all-database (104ms)
2023-9-13 16:12:17-debug: asset-db:worker-effect-data-processing (1ms)
2023-9-13 16:12:17-debug: asset-db-hook-engine-extends-afterRefresh (1ms)
